{"uid":"9a5061c8995fe37c","name":"User should be able to create project","fullName":"com.example.teamcity.ui.CreateProjectTest.userCreatesProject","historyId":"7f24ad9023ae3cbff9685d20fb15db20","time":{"start":1758994996301,"stop":1758995081841,"duration":85540},"status":"failed","statusMessage":"Element not found {#url}\nExpected: visible\nScreenshot: file:/home/runner/work/no_bugs_api/no_bugs_api/build/reports/tests/1758995081478.0.png\nPage source: file:/home/runner/work/no_bugs_api/no_bugs_api/build/reports/tests/1758995081478.0.html\nTimeout: 80 s.\nCaused by: NoSuchElementException: no such element: Unable to locate element: {\"method\":\"css selector\",\"selector\":\"#url\"}","statusTrace":"Element not found {#url}\nExpected: visible\nScreenshot: file:/home/runner/work/no_bugs_api/no_bugs_api/build/reports/tests/1758995081478.0.png\nPage source: file:/home/runner/work/no_bugs_api/no_bugs_api/build/reports/tests/1758995081478.0.html\nTimeout: 80 s.\nCaused by: NoSuchElementException: no such element: Unable to locate element: {\"method\":\"css selector\",\"selector\":\"#url\"}\n\tat com.codeborne.selenide.impl.WebElementSource.createElementNotFoundError(WebElementSource.java:90)\n\tat com.codeborne.selenide.impl.ElementFinder.createElementNotFoundError(ElementFinder.java:142)\n\tat com.codeborne.selenide.impl.WebElementSource.handleError(WebElementSource.java:142)\n\tat com.codeborne.selenide.impl.WebElementSource.checkConditionAndReturnElement(WebElementSource.java:126)\n\tat com.codeborne.selenide.impl.WebElementSource.checkCondition(WebElementSource.java:103)\n\tat com.codeborne.selenide.commands.Should.execute(Should.java:30)\n\tat com.codeborne.selenide.commands.Should.execute(Should.java:14)\n\tat com.codeborne.selenide.commands.Commands.execute(Commands.java:162)\n\tat com.codeborne.selenide.impl.SelenideElementProxy.dispatchAndRetry(SelenideElementProxy.java:134)\n\tat com.codeborne.selenide.impl.SelenideElementProxy.invoke(SelenideElementProxy.java:86)\n\tat jdk.proxy2/jdk.proxy2.$Proxy33.shouldBe(Unknown Source)\n\tat com.example.teamcity.ui.pages.admin.CreateBasePage.baseCreateForm(CreateBasePage.java:21)\n\tat com.example.teamcity.ui.pages.admin.CreateProjectPage.createForm(CreateProjectPage.java:20)\n\tat com.example.teamcity.ui.CreateProjectTest.userCreatesProject(CreateProjectTest.java:25)\n\tat java.base/jdk.internal.reflect.NativeMethodAccessorImpl.invoke0(Native Method)\n\tat java.base/jdk.internal.reflect.NativeMethodAccessorImpl.invoke(NativeMethodAccessorImpl.java:77)\n\tat java.base/jdk.internal.reflect.DelegatingMethodAccessorImpl.invoke(DelegatingMethodAccessorImpl.java:43)\n\tat java.base/java.lang.reflect.Method.invoke(Method.java:569)\n\tat org.testng.internal.invokers.MethodInvocationHelper.invokeMethod(MethodInvocationHelper.java:141)\n\tat org.testng.internal.invokers.TestInvoker.invokeMethod(TestInvoker.java:686)\n\tat org.testng.internal.invokers.TestInvoker.invokeTestMethod(TestInvoker.java:230)\n\tat org.testng.internal.invokers.MethodRunner.runInSequence(MethodRunner.java:63)\n\tat org.testng.internal.invokers.TestInvoker$MethodInvocationAgent.invoke(TestInvoker.java:992)\n\tat org.testng.internal.invokers.TestInvoker.invokeTestMethods(TestInvoker.java:203)\n\tat org.testng.internal.invokers.TestMethodWorker.invokeTestMethods(TestMethodWorker.java:154)\n\tat org.testng.internal.invokers.TestMethodWorker.run(TestMethodWorker.java:134)\n\tat java.base/java.util.ArrayList.forEach(ArrayList.java:1511)\n\tat org.testng.TestRunner.privateRun(TestRunner.java:739)\n\tat org.testng.TestRunner.run(TestRunner.java:614)\n\tat org.testng.SuiteRunner.runTest(SuiteRunner.java:421)\n\tat org.testng.SuiteRunner.runSequentially(SuiteRunner.java:413)\n\tat org.testng.SuiteRunner.privateRun(SuiteRunner.java:373)\n\tat org.testng.SuiteRunner.run(SuiteRunner.java:312)\n\tat org.testng.SuiteRunnerWorker.runSuite(SuiteRunnerWorker.java:52)\n\tat org.testng.SuiteRunnerWorker.run(SuiteRunnerWorker.java:95)\n\tat org.testng.TestNG.runSuitesSequentially(TestNG.java:1274)\n\tat org.testng.TestNG.runSuitesLocally(TestNG.java:1208)\n\tat org.testng.TestNG.runSuites(TestNG.java:1112)\n\tat org.testng.TestNG.run(TestNG.java:1079)\n\tat org.apache.maven.surefire.testng.TestNGExecutor.run(TestNGExecutor.java:155)\n\tat org.apache.maven.surefire.testng.TestNGDirectoryTestSuite.executeMulti(TestNGDirectoryTestSuite.java:169)\n\tat org.apache.maven.surefire.testng.TestNGDirectoryTestSuite.execute(TestNGDirectoryTestSuite.java:88)\n\tat org.apache.maven.surefire.testng.TestNGProvider.invoke(TestNGProvider.java:137)\n\tat org.apache.maven.surefire.booter.ForkedBooter.runSuitesInProcess(ForkedBooter.java:385)\n\tat org.apache.maven.surefire.booter.ForkedBooter.execute(ForkedBooter.java:162)\n\tat org.apache.maven.surefire.booter.ForkedBooter.run(ForkedBooter.java:507)\n\tat org.apache.maven.surefire.booter.ForkedBooter.main(ForkedBooter.java:495)\nCaused by: org.openqa.selenium.NoSuchElementException: no such element: Unable to locate element: {\"method\":\"css selector\",\"selector\":\"#url\"}\n  (Session info: chrome=121.0.6167.85)\nFor documentation on this error, please visit: https://www.selenium.dev/documentation/webdriver/troubleshooting/errors#no-such-element-exception\nBuild info: version: '4.24.0', revision: '748ffc9bc3'\nSystem info: os.name: 'Linux', os.arch: 'amd64', os.version: '6.11.0-1018-azure', java.version: '17.0.16'\nDriver info: org.openqa.selenium.remote.RemoteWebDriver\nCommand: [66f1c1b633a587cf7c61bde5f7701f58, findElement {value=#url, using=css selector}]\nCapabilities {acceptInsecureCerts: true, browserName: chrome, browserVersion: 121.0.6167.85, chrome: {chromedriverVersion: 121.0.6167.85 (3f98d690ad7e..., userDataDir: /tmp/.org.chromium.Chromium...}, fedcm:accounts: true, goog:chromeOptions: {debuggerAddress: localhost:35633}, networkConnectionEnabled: false, pageLoadStrategy: normal, platformName: linux, proxy: Proxy(), se:cdp: ws://localhost:4444/devtool..., se:cdpVersion: 121.0.6167.85, setWindowRect: true, strictFileInteractability: false, timeouts: {implicit: 0, pageLoad: 300000, script: 30000}, unhandledPromptBehavior: accept, webauthn:extension:credBlob: true, webauthn:extension:largeBlob: true, webauthn:extension:minPinLength: true, webauthn:extension:prf: true, webauthn:virtualAuthenticators: true}\nSession ID: 66f1c1b633a587cf7c61bde5f7701f58\n\tat jdk.internal.reflect.GeneratedConstructorAccessor22.newInstance(Unknown Source)\n\tat java.base/jdk.internal.reflect.DelegatingConstructorAccessorImpl.newInstance(DelegatingConstructorAccessorImpl.java:45)\n\tat java.base/java.lang.reflect.Constructor.newInstanceWithCaller(Constructor.java:500)\n\tat java.base/java.lang.reflect.Constructor.newInstance(Constructor.java:481)\n\tat org.openqa.selenium.remote.ErrorCodec.decode(ErrorCodec.java:167)\n\tat org.openqa.selenium.remote.codec.w3c.W3CHttpResponseCodec.decode(W3CHttpResponseCodec.java:138)\n\tat org.openqa.selenium.remote.codec.w3c.W3CHttpResponseCodec.decode(W3CHttpResponseCodec.java:50)\n\tat org.openqa.selenium.remote.HttpCommandExecutor.execute(HttpCommandExecutor.java:190)\n\tat org.openqa.selenium.remote.RemoteWebDriver.execute(RemoteWebDriver.java:545)\n\tat org.openqa.selenium.remote.ElementLocation$ElementFinder$2.findElement(ElementLocation.java:165)\n\tat org.openqa.selenium.remote.ElementLocation.findElement(ElementLocation.java:59)\n\tat org.openqa.selenium.remote.RemoteWebDriver.findElement(RemoteWebDriver.java:368)\n\tat org.openqa.selenium.remote.RemoteWebDriver.findElement(RemoteWebDriver.java:362)\n\tat com.codeborne.selenide.impl.WebElementSelector.findElement(WebElementSelector.java:73)\n\tat com.codeborne.selenide.impl.WebElementSelector.findElement(WebElementSelector.java:46)\n\tat com.codeborne.selenide.impl.WebElementSelector.findElement(WebElementSelector.java:35)\n\tat com.codeborne.selenide.impl.ElementFinder.getWebElement(ElementFinder.java:122)\n\tat com.codeborne.selenide.impl.WebElementSource.checkConditionAndReturnElement(WebElementSource.java:115)\n\t... 43 more\n","flaky":true,"newFailed":false,"newBroken":false,"newPassed":false,"retriesCount":0,"retriesStatusChange":false,"beforeStages":[{"name":"beforeTest","time":{"start":1758994996295,"stop":1758994996296,"duration":1},"description":"","status":"passed","steps":[],"attachments":[],"parameters":[],"shouldDisplayMessage":false,"stepsCount":0,"attachmentsCount":0,"hasContent":false}],"testStage":{"status":"failed","statusMessage":"Element not found {#url}\nExpected: visible\nScreenshot: file:/home/runner/work/no_bugs_api/no_bugs_api/build/reports/tests/1758995081478.0.png\nPage source: file:/home/runner/work/no_bugs_api/no_bugs_api/build/reports/tests/1758995081478.0.html\nTimeout: 80 s.\nCaused by: NoSuchElementException: no such element: Unable to locate element: {\"method\":\"css selector\",\"selector\":\"#url\"}","statusTrace":"Element not found {#url}\nExpected: visible\nScreenshot: file:/home/runner/work/no_bugs_api/no_bugs_api/build/reports/tests/1758995081478.0.png\nPage source: file:/home/runner/work/no_bugs_api/no_bugs_api/build/reports/tests/1758995081478.0.html\nTimeout: 80 s.\nCaused by: NoSuchElementException: no such element: Unable to locate element: {\"method\":\"css selector\",\"selector\":\"#url\"}\n\tat com.codeborne.selenide.impl.WebElementSource.createElementNotFoundError(WebElementSource.java:90)\n\tat com.codeborne.selenide.impl.ElementFinder.createElementNotFoundError(ElementFinder.java:142)\n\tat com.codeborne.selenide.impl.WebElementSource.handleError(WebElementSource.java:142)\n\tat com.codeborne.selenide.impl.WebElementSource.checkConditionAndReturnElement(WebElementSource.java:126)\n\tat com.codeborne.selenide.impl.WebElementSource.checkCondition(WebElementSource.java:103)\n\tat com.codeborne.selenide.commands.Should.execute(Should.java:30)\n\tat com.codeborne.selenide.commands.Should.execute(Should.java:14)\n\tat com.codeborne.selenide.commands.Commands.execute(Commands.java:162)\n\tat com.codeborne.selenide.impl.SelenideElementProxy.dispatchAndRetry(SelenideElementProxy.java:134)\n\tat com.codeborne.selenide.impl.SelenideElementProxy.invoke(SelenideElementProxy.java:86)\n\tat jdk.proxy2/jdk.proxy2.$Proxy33.shouldBe(Unknown Source)\n\tat com.example.teamcity.ui.pages.admin.CreateBasePage.baseCreateForm(CreateBasePage.java:21)\n\tat com.example.teamcity.ui.pages.admin.CreateProjectPage.createForm(CreateProjectPage.java:20)\n\tat com.example.teamcity.ui.CreateProjectTest.userCreatesProject(CreateProjectTest.java:25)\n\tat java.base/jdk.internal.reflect.NativeMethodAccessorImpl.invoke0(Native Method)\n\tat java.base/jdk.internal.reflect.NativeMethodAccessorImpl.invoke(NativeMethodAccessorImpl.java:77)\n\tat java.base/jdk.internal.reflect.DelegatingMethodAccessorImpl.invoke(DelegatingMethodAccessorImpl.java:43)\n\tat java.base/java.lang.reflect.Method.invoke(Method.java:569)\n\tat org.testng.internal.invokers.MethodInvocationHelper.invokeMethod(MethodInvocationHelper.java:141)\n\tat org.testng.internal.invokers.TestInvoker.invokeMethod(TestInvoker.java:686)\n\tat org.testng.internal.invokers.TestInvoker.invokeTestMethod(TestInvoker.java:230)\n\tat org.testng.internal.invokers.MethodRunner.runInSequence(MethodRunner.java:63)\n\tat org.testng.internal.invokers.TestInvoker$MethodInvocationAgent.invoke(TestInvoker.java:992)\n\tat org.testng.internal.invokers.TestInvoker.invokeTestMethods(TestInvoker.java:203)\n\tat org.testng.internal.invokers.TestMethodWorker.invokeTestMethods(TestMethodWorker.java:154)\n\tat org.testng.internal.invokers.TestMethodWorker.run(TestMethodWorker.java:134)\n\tat java.base/java.util.ArrayList.forEach(ArrayList.java:1511)\n\tat org.testng.TestRunner.privateRun(TestRunner.java:739)\n\tat org.testng.TestRunner.run(TestRunner.java:614)\n\tat org.testng.SuiteRunner.runTest(SuiteRunner.java:421)\n\tat org.testng.SuiteRunner.runSequentially(SuiteRunner.java:413)\n\tat org.testng.SuiteRunner.privateRun(SuiteRunner.java:373)\n\tat org.testng.SuiteRunner.run(SuiteRunner.java:312)\n\tat org.testng.SuiteRunnerWorker.runSuite(SuiteRunnerWorker.java:52)\n\tat org.testng.SuiteRunnerWorker.run(SuiteRunnerWorker.java:95)\n\tat org.testng.TestNG.runSuitesSequentially(TestNG.java:1274)\n\tat org.testng.TestNG.runSuitesLocally(TestNG.java:1208)\n\tat org.testng.TestNG.runSuites(TestNG.java:1112)\n\tat org.testng.TestNG.run(TestNG.java:1079)\n\tat org.apache.maven.surefire.testng.TestNGExecutor.run(TestNGExecutor.java:155)\n\tat org.apache.maven.surefire.testng.TestNGDirectoryTestSuite.executeMulti(TestNGDirectoryTestSuite.java:169)\n\tat org.apache.maven.surefire.testng.TestNGDirectoryTestSuite.execute(TestNGDirectoryTestSuite.java:88)\n\tat org.apache.maven.surefire.testng.TestNGProvider.invoke(TestNGProvider.java:137)\n\tat org.apache.maven.surefire.booter.ForkedBooter.runSuitesInProcess(ForkedBooter.java:385)\n\tat org.apache.maven.surefire.booter.ForkedBooter.execute(ForkedBooter.java:162)\n\tat org.apache.maven.surefire.booter.ForkedBooter.run(ForkedBooter.java:507)\n\tat org.apache.maven.surefire.booter.ForkedBooter.main(ForkedBooter.java:495)\nCaused by: org.openqa.selenium.NoSuchElementException: no such element: Unable to locate element: {\"method\":\"css selector\",\"selector\":\"#url\"}\n  (Session info: chrome=121.0.6167.85)\nFor documentation on this error, please visit: https://www.selenium.dev/documentation/webdriver/troubleshooting/errors#no-such-element-exception\nBuild info: version: '4.24.0', revision: '748ffc9bc3'\nSystem info: os.name: 'Linux', os.arch: 'amd64', os.version: '6.11.0-1018-azure', java.version: '17.0.16'\nDriver info: org.openqa.selenium.remote.RemoteWebDriver\nCommand: [66f1c1b633a587cf7c61bde5f7701f58, findElement {value=#url, using=css selector}]\nCapabilities {acceptInsecureCerts: true, browserName: chrome, browserVersion: 121.0.6167.85, chrome: {chromedriverVersion: 121.0.6167.85 (3f98d690ad7e..., userDataDir: /tmp/.org.chromium.Chromium...}, fedcm:accounts: true, goog:chromeOptions: {debuggerAddress: localhost:35633}, networkConnectionEnabled: false, pageLoadStrategy: normal, platformName: linux, proxy: Proxy(), se:cdp: ws://localhost:4444/devtool..., se:cdpVersion: 121.0.6167.85, setWindowRect: true, strictFileInteractability: false, timeouts: {implicit: 0, pageLoad: 300000, script: 30000}, unhandledPromptBehavior: accept, webauthn:extension:credBlob: true, webauthn:extension:largeBlob: true, webauthn:extension:minPinLength: true, webauthn:extension:prf: true, webauthn:virtualAuthenticators: true}\nSession ID: 66f1c1b633a587cf7c61bde5f7701f58\n\tat jdk.internal.reflect.GeneratedConstructorAccessor22.newInstance(Unknown Source)\n\tat java.base/jdk.internal.reflect.DelegatingConstructorAccessorImpl.newInstance(DelegatingConstructorAccessorImpl.java:45)\n\tat java.base/java.lang.reflect.Constructor.newInstanceWithCaller(Constructor.java:500)\n\tat java.base/java.lang.reflect.Constructor.newInstance(Constructor.java:481)\n\tat org.openqa.selenium.remote.ErrorCodec.decode(ErrorCodec.java:167)\n\tat org.openqa.selenium.remote.codec.w3c.W3CHttpResponseCodec.decode(W3CHttpResponseCodec.java:138)\n\tat org.openqa.selenium.remote.codec.w3c.W3CHttpResponseCodec.decode(W3CHttpResponseCodec.java:50)\n\tat org.openqa.selenium.remote.HttpCommandExecutor.execute(HttpCommandExecutor.java:190)\n\tat org.openqa.selenium.remote.RemoteWebDriver.execute(RemoteWebDriver.java:545)\n\tat org.openqa.selenium.remote.ElementLocation$ElementFinder$2.findElement(ElementLocation.java:165)\n\tat org.openqa.selenium.remote.ElementLocation.findElement(ElementLocation.java:59)\n\tat org.openqa.selenium.remote.RemoteWebDriver.findElement(RemoteWebDriver.java:368)\n\tat org.openqa.selenium.remote.RemoteWebDriver.findElement(RemoteWebDriver.java:362)\n\tat com.codeborne.selenide.impl.WebElementSelector.findElement(WebElementSelector.java:73)\n\tat com.codeborne.selenide.impl.WebElementSelector.findElement(WebElementSelector.java:46)\n\tat com.codeborne.selenide.impl.WebElementSelector.findElement(WebElementSelector.java:35)\n\tat com.codeborne.selenide.impl.ElementFinder.getWebElement(ElementFinder.java:122)\n\tat com.codeborne.selenide.impl.WebElementSource.checkConditionAndReturnElement(WebElementSource.java:115)\n\t... 43 more\n","steps":[{"name":"$(\"open\") http://172.17.0.1:8111/login.html","time":{"start":1758994996523,"stop":1758994999034,"duration":2511},"status":"passed","steps":[{"name":"$(\"webdriver\") create()","time":{"start":1758994996523,"stop":1758994998084,"duration":1561},"status":"passed","steps":[],"attachments":[],"parameters":[],"shouldDisplayMessage":false,"stepsCount":0,"attachmentsCount":0,"hasContent":false}],"attachments":[],"parameters":[],"shouldDisplayMessage":false,"stepsCount":1,"attachmentsCount":0,"hasContent":true},{"name":"$(\"#username\") val(test_mVTBqrBqRN)","time":{"start":1758994999034,"stop":1758994999411,"duration":377},"status":"passed","steps":[],"attachments":[],"parameters":[],"shouldDisplayMessage":false,"stepsCount":0,"attachmentsCount":0,"hasContent":false},{"name":"$(\"#password\") val(test_KulvfqngtL)","time":{"start":1758994999411,"stop":1758994999586,"duration":175},"status":"passed","steps":[],"attachments":[],"parameters":[],"shouldDisplayMessage":false,"stepsCount":0,"attachmentsCount":0,"hasContent":false},{"name":"$(\".loginButton\") click()","time":{"start":1758994999586,"stop":1758994999709,"duration":123},"status":"passed","steps":[],"attachments":[],"parameters":[],"shouldDisplayMessage":false,"stepsCount":0,"attachmentsCount":0,"hasContent":false},{"name":"$(\"open\") http://172.17.0.1:8111/admin/createObjectMenu.html?projectId=_Root&showMode=createProjectMenu","time":{"start":1758994999710,"stop":1758995001314,"duration":1604},"status":"passed","steps":[],"attachments":[],"parameters":[],"shouldDisplayMessage":false,"stepsCount":0,"attachmentsCount":0,"hasContent":false},{"name":"$(\"#url\") should be([visible, 80 s.])","time":{"start":1758995001315,"stop":1758995081840,"duration":80525},"status":"failed","statusMessage":"Element not found {#url}\nExpected: visible\nScreenshot: file:/home/runner/work/no_bugs_api/no_bugs_api/build/reports/tests/1758995081478.0.png\nPage source: file:/home/runner/work/no_bugs_api/no_bugs_api/build/reports/tests/1758995081478.0.html\nTimeout: 80 s.\nCaused by: NoSuchElementException: no such element: Unable to locate element: {\"method\":\"css selector\",\"selector\":\"#url\"}","statusTrace":"Element not found {#url}\nExpected: visible\nScreenshot: file:/home/runner/work/no_bugs_api/no_bugs_api/build/reports/tests/1758995081478.0.png\nPage source: file:/home/runner/work/no_bugs_api/no_bugs_api/build/reports/tests/1758995081478.0.html\nTimeout: 80 s.\nCaused by: NoSuchElementException: no such element: Unable to locate element: {\"method\":\"css selector\",\"selector\":\"#url\"}\n\tat com.codeborne.selenide.impl.WebElementSource.createElementNotFoundError(WebElementSource.java:90)\n\tat com.codeborne.selenide.impl.ElementFinder.createElementNotFoundError(ElementFinder.java:142)\n\tat com.codeborne.selenide.impl.WebElementSource.handleError(WebElementSource.java:142)\n\tat com.codeborne.selenide.impl.WebElementSource.checkConditionAndReturnElement(WebElementSource.java:126)\n\tat com.codeborne.selenide.impl.WebElementSource.checkCondition(WebElementSource.java:103)\n\tat com.codeborne.selenide.commands.Should.execute(Should.java:30)\n\tat com.codeborne.selenide.commands.Should.execute(Should.java:14)\n\tat com.codeborne.selenide.commands.Commands.execute(Commands.java:162)\n\tat com.codeborne.selenide.impl.SelenideElementProxy.dispatchAndRetry(SelenideElementProxy.java:134)\n\tat com.codeborne.selenide.impl.SelenideElementProxy.invoke(SelenideElementProxy.java:86)\n\tat jdk.proxy2/jdk.proxy2.$Proxy33.shouldBe(Unknown Source)\n\tat com.example.teamcity.ui.pages.admin.CreateBasePage.baseCreateForm(CreateBasePage.java:21)\n\tat com.example.teamcity.ui.pages.admin.CreateProjectPage.createForm(CreateProjectPage.java:20)\n\tat com.example.teamcity.ui.CreateProjectTest.userCreatesProject(CreateProjectTest.java:25)\n\tat java.base/jdk.internal.reflect.NativeMethodAccessorImpl.invoke0(Native Method)\n\tat java.base/jdk.internal.reflect.NativeMethodAccessorImpl.invoke(NativeMethodAccessorImpl.java:77)\n\tat java.base/jdk.internal.reflect.DelegatingMethodAccessorImpl.invoke(DelegatingMethodAccessorImpl.java:43)\n\tat java.base/java.lang.reflect.Method.invoke(Method.java:569)\n\tat org.testng.internal.invokers.MethodInvocationHelper.invokeMethod(MethodInvocationHelper.java:141)\n\tat org.testng.internal.invokers.TestInvoker.invokeMethod(TestInvoker.java:686)\n\tat org.testng.internal.invokers.TestInvoker.invokeTestMethod(TestInvoker.java:230)\n\tat org.testng.internal.invokers.MethodRunner.runInSequence(MethodRunner.java:63)\n\tat org.testng.internal.invokers.TestInvoker$MethodInvocationAgent.invoke(TestInvoker.java:992)\n\tat org.testng.internal.invokers.TestInvoker.invokeTestMethods(TestInvoker.java:203)\n\tat org.testng.internal.invokers.TestMethodWorker.invokeTestMethods(TestMethodWorker.java:154)\n\tat org.testng.internal.invokers.TestMethodWorker.run(TestMethodWorker.java:134)\n\tat java.base/java.util.ArrayList.forEach(ArrayList.java:1511)\n\tat org.testng.TestRunner.privateRun(TestRunner.java:739)\n\tat org.testng.TestRunner.run(TestRunner.java:614)\n\tat org.testng.SuiteRunner.runTest(SuiteRunner.java:421)\n\tat org.testng.SuiteRunner.runSequentially(SuiteRunner.java:413)\n\tat org.testng.SuiteRunner.privateRun(SuiteRunner.java:373)\n\tat org.testng.SuiteRunner.run(SuiteRunner.java:312)\n\tat org.testng.SuiteRunnerWorker.runSuite(SuiteRunnerWorker.java:52)\n\tat org.testng.SuiteRunnerWorker.run(SuiteRunnerWorker.java:95)\n\tat org.testng.TestNG.runSuitesSequentially(TestNG.java:1274)\n\tat org.testng.TestNG.runSuitesLocally(TestNG.java:1208)\n\tat org.testng.TestNG.runSuites(TestNG.java:1112)\n\tat org.testng.TestNG.run(TestNG.java:1079)\n\tat org.apache.maven.surefire.testng.TestNGExecutor.run(TestNGExecutor.java:155)\n\tat org.apache.maven.surefire.testng.TestNGDirectoryTestSuite.executeMulti(TestNGDirectoryTestSuite.java:169)\n\tat org.apache.maven.surefire.testng.TestNGDirectoryTestSuite.execute(TestNGDirectoryTestSuite.java:88)\n\tat org.apache.maven.surefire.testng.TestNGProvider.invoke(TestNGProvider.java:137)\n\tat org.apache.maven.surefire.booter.ForkedBooter.runSuitesInProcess(ForkedBooter.java:385)\n\tat org.apache.maven.surefire.booter.ForkedBooter.execute(ForkedBooter.java:162)\n\tat org.apache.maven.surefire.booter.ForkedBooter.run(ForkedBooter.java:507)\n\tat org.apache.maven.surefire.booter.ForkedBooter.main(ForkedBooter.java:495)\nCaused by: org.openqa.selenium.NoSuchElementException: no such element: Unable to locate element: {\"method\":\"css selector\",\"selector\":\"#url\"}\n  (Session info: chrome=121.0.6167.85)\nFor documentation on this error, please visit: https://www.selenium.dev/documentation/webdriver/troubleshooting/errors#no-such-element-exception\nBuild info: version: '4.24.0', revision: '748ffc9bc3'\nSystem info: os.name: 'Linux', os.arch: 'amd64', os.version: '6.11.0-1018-azure', java.version: '17.0.16'\nDriver info: org.openqa.selenium.remote.RemoteWebDriver\nCommand: [66f1c1b633a587cf7c61bde5f7701f58, findElement {value=#url, using=css selector}]\nCapabilities {acceptInsecureCerts: true, browserName: chrome, browserVersion: 121.0.6167.85, chrome: {chromedriverVersion: 121.0.6167.85 (3f98d690ad7e..., userDataDir: /tmp/.org.chromium.Chromium...}, fedcm:accounts: true, goog:chromeOptions: {debuggerAddress: localhost:35633}, networkConnectionEnabled: false, pageLoadStrategy: normal, platformName: linux, proxy: Proxy(), se:cdp: ws://localhost:4444/devtool..., se:cdpVersion: 121.0.6167.85, setWindowRect: true, strictFileInteractability: false, timeouts: {implicit: 0, pageLoad: 300000, script: 30000}, unhandledPromptBehavior: accept, webauthn:extension:credBlob: true, webauthn:extension:largeBlob: true, webauthn:extension:minPinLength: true, webauthn:extension:prf: true, webauthn:virtualAuthenticators: true}\nSession ID: 66f1c1b633a587cf7c61bde5f7701f58\n\tat jdk.internal.reflect.GeneratedConstructorAccessor22.newInstance(Unknown Source)\n\tat java.base/jdk.internal.reflect.DelegatingConstructorAccessorImpl.newInstance(DelegatingConstructorAccessorImpl.java:45)\n\tat java.base/java.lang.reflect.Constructor.newInstanceWithCaller(Constructor.java:500)\n\tat java.base/java.lang.reflect.Constructor.newInstance(Constructor.java:481)\n\tat org.openqa.selenium.remote.ErrorCodec.decode(ErrorCodec.java:167)\n\tat org.openqa.selenium.remote.codec.w3c.W3CHttpResponseCodec.decode(W3CHttpResponseCodec.java:138)\n\tat org.openqa.selenium.remote.codec.w3c.W3CHttpResponseCodec.decode(W3CHttpResponseCodec.java:50)\n\tat org.openqa.selenium.remote.HttpCommandExecutor.execute(HttpCommandExecutor.java:190)\n\tat org.openqa.selenium.remote.RemoteWebDriver.execute(RemoteWebDriver.java:545)\n\tat org.openqa.selenium.remote.ElementLocation$ElementFinder$2.findElement(ElementLocation.java:165)\n\tat org.openqa.selenium.remote.ElementLocation.findElement(ElementLocation.java:59)\n\tat org.openqa.selenium.remote.RemoteWebDriver.findElement(RemoteWebDriver.java:368)\n\tat org.openqa.selenium.remote.RemoteWebDriver.findElement(RemoteWebDriver.java:362)\n\tat com.codeborne.selenide.impl.WebElementSelector.findElement(WebElementSelector.java:73)\n\tat com.codeborne.selenide.impl.WebElementSelector.findElement(WebElementSelector.java:46)\n\tat com.codeborne.selenide.impl.WebElementSelector.findElement(WebElementSelector.java:35)\n\tat com.codeborne.selenide.impl.ElementFinder.getWebElement(ElementFinder.java:122)\n\tat com.codeborne.selenide.impl.WebElementSource.checkConditionAndReturnElement(WebElementSource.java:115)\n\t... 43 more\n","steps":[],"attachments":[{"uid":"e42b5bf4b7e67381","name":"Screenshot","source":"e42b5bf4b7e67381.png","type":"image/png","size":77371},{"uid":"7030390e8e0d523a","name":"Page source","source":"7030390e8e0d523a.html","type":"text/html","size":197998}],"parameters":[],"shouldDisplayMessage":true,"stepsCount":0,"attachmentsCount":2,"hasContent":true}],"attachments":[{"uid":"8c5cb59f97658fce","name":"Request","source":"8c5cb59f97658fce.html","type":"text/html","size":1357},{"uid":"75c7913becb20d50","name":"HTTP/1.1 200 ","source":"75c7913becb20d50.html","type":"text/html","size":2124}],"parameters":[],"shouldDisplayMessage":false,"stepsCount":7,"attachmentsCount":4,"hasContent":true},"afterStages":[{"name":"closeWebDriver","time":{"start":1758995081848,"stop":1758995081902,"duration":54},"description":"","status":"passed","steps":[{"name":"$(\"webdriver\") close()","time":{"start":1758995081848,"stop":1758995081902,"duration":54},"status":"passed","steps":[],"attachments":[],"parameters":[],"shouldDisplayMessage":false,"stepsCount":0,"attachmentsCount":0,"hasContent":false}],"attachments":[],"parameters":[],"shouldDisplayMessage":false,"stepsCount":1,"attachmentsCount":0,"hasContent":true},{"name":"afterTest","time":{"start":1758995081904,"stop":1758995081938,"duration":34},"description":"","status":"passed","steps":[],"attachments":[{"uid":"719037d13979ea82","name":"Request","source":"719037d13979ea82.html","type":"text/html","size":572},{"uid":"296b54f48849c219","name":"HTTP/1.1 404 ","source":"296b54f48849c219.html","type":"text/html","size":823}],"parameters":[],"shouldDisplayMessage":false,"stepsCount":0,"attachmentsCount":2,"hasContent":true}],"labels":[{"name":"package","value":"com.example.teamcity.ui.CreateProjectTest"},{"name":"testClass","value":"com.example.teamcity.ui.CreateProjectTest"},{"name":"testMethod","value":"userCreatesProject"},{"name":"parentSuite","value":"Surefire suite"},{"name":"suite","value":"Surefire test"},{"name":"subSuite","value":"com.example.teamcity.ui.CreateProjectTest"},{"name":"host","value":"runnervm3ublj"},{"name":"thread","value":"4499@runnervm3ublj.main(1)"},{"name":"framework","value":"testng"},{"name":"language","value":"java"},{"name":"resultFormat","value":"allure2"}],"parameters":[],"links":[],"hidden":false,"retry":false,"extra":{"severity":"normal","retries":[],"categories":[{"name":"Product defects","matchedStatuses":[],"flaky":false}],"history":{"statistic":{"failed":25,"broken":0,"skipped":0,"passed":14,"unknown":0,"total":39},"items":[{"uid":"294a8476eb0647ae","reportUrl":"https://andreyzavrichko.github.io/no_bugs_api/ui/36//#testresult/294a8476eb0647ae","status":"failed","statusDetails":"Element not found {span[class*='ProjectPageHeader']}\nExpected: visible\nScreenshot: file:/home/runner/work/no_bugs_api/no_bugs_api/build/reports/tests/1758994664580.0.png\nPage source: file:/home/runner/work/no_bugs_api/no_bugs_api/build/reports/tests/1758994664580.0.html\nTimeout: 10 s.\nCaused by: NoSuchElementException: no such element: Unable to locate element: {\"method\":\"css selector\",\"selector\":\"span[class*='ProjectPageHeader']\"}","time":{"start":1758994643126,"stop":1758994665244,"duration":22118}},{"uid":"2580c27ffc6ec08b","reportUrl":"https://andreyzavrichko.github.io/no_bugs_api/ui/36//#testresult/2580c27ffc6ec08b","status":"failed","statusDetails":"Element not found {span[class*='ProjectPageHeader']}\nExpected: visible\nScreenshot: file:/home/runner/work/no_bugs_api/no_bugs_api/build/reports/tests/1758994292764.0.png\nPage source: file:/home/runner/work/no_bugs_api/no_bugs_api/build/reports/tests/1758994292764.0.html\nTimeout: 10 s.\nCaused by: NoSuchElementException: no such element: Unable to locate element: {\"method\":\"css selector\",\"selector\":\"span[class*='ProjectPageHeader']\"}","time":{"start":1758994271886,"stop":1758994293302,"duration":21416}},{"uid":"ef334115cae2cea4","reportUrl":"https://andreyzavrichko.github.io/no_bugs_api/ui/36//#testresult/ef334115cae2cea4","status":"passed","time":{"start":1758993351868,"stop":1758993366361,"duration":14493}},{"uid":"252e4d27ccb478be","reportUrl":"https://andreyzavrichko.github.io/no_bugs_api/ui/36//#testresult/252e4d27ccb478be","status":"passed","time":{"start":1758992936270,"stop":1758992948959,"duration":12689}},{"uid":"cd4e8e914baa49ed","reportUrl":"https://andreyzavrichko.github.io/no_bugs_api/ui/35//#testresult/cd4e8e914baa49ed","status":"failed","statusDetails":"Element not found {span[class*='ProjectPageHeader']}\nExpected: visible\nScreenshot: file:/home/runner/work/no_bugs_api/no_bugs_api/build/reports/tests/1758990810108.0.png\nPage source: file:/home/runner/work/no_bugs_api/no_bugs_api/build/reports/tests/1758990810108.0.html\nTimeout: 10 s.\nCaused by: NoSuchElementException: no such element: Unable to locate element: {\"method\":\"css selector\",\"selector\":\"span[class*='ProjectPageHeader']\"}","time":{"start":1758990788770,"stop":1758990810726,"duration":21956}},{"uid":"d23ec23c55a546df","reportUrl":"https://andreyzavrichko.github.io/no_bugs_api/ui/35//#testresult/d23ec23c55a546df","status":"failed","statusDetails":"Element not found {#url}\nExpected: visible\nScreenshot: file:/home/runner/work/no_bugs_api/no_bugs_api/build/reports/tests/1758990299709.0.png\nPage source: file:/home/runner/work/no_bugs_api/no_bugs_api/build/reports/tests/1758990299709.0.html\nTimeout: 90 s.\nCaused by: NoSuchElementException: no such element: Unable to locate element: {\"method\":\"css selector\",\"selector\":\"#url\"}","time":{"start":1758990205921,"stop":1758990299988,"duration":94067}},{"uid":"3bc30c779247d7e8","reportUrl":"https://andreyzavrichko.github.io/no_bugs_api/ui/34//#testresult/3bc30c779247d7e8","status":"passed","time":{"start":1758989765484,"stop":1758989780503,"duration":15019}},{"uid":"55c782846486ceed","reportUrl":"https://andreyzavrichko.github.io/no_bugs_api/ui/33//#testresult/55c782846486ceed","status":"passed","time":{"start":1758989058521,"stop":1758989070772,"duration":12251}},{"uid":"60222afd2221483a","reportUrl":"https://andreyzavrichko.github.io/no_bugs_api/ui/32//#testresult/60222afd2221483a","status":"passed","time":{"start":1758988625819,"stop":1758988638404,"duration":12585}},{"uid":"4c48adb32d8e06c6","reportUrl":"https://andreyzavrichko.github.io/no_bugs_api/ui/31//#testresult/4c48adb32d8e06c6","status":"failed","statusDetails":"Element not found {#url}\nExpected: visible\nScreenshot: file:/home/runner/work/no_bugs_api/no_bugs_api/build/reports/tests/1758988275147.0.png\nPage source: file:/home/runner/work/no_bugs_api/no_bugs_api/build/reports/tests/1758988275147.0.html\nTimeout: 75 s.\nCaused by: NoSuchElementException: no such element: Unable to locate element: {\"method\":\"css selector\",\"selector\":\"#url\"}","time":{"start":1758988195187,"stop":1758988275543,"duration":80356}},{"uid":"161d54ef885985c8","reportUrl":"https://andreyzavrichko.github.io/no_bugs_api/ui/30//#testresult/161d54ef885985c8","status":"passed","time":{"start":1758987512447,"stop":1758987526035,"duration":13588}},{"uid":"ab358b694ee2a1e7","reportUrl":"https://andreyzavrichko.github.io/no_bugs_api/ui/29//#testresult/ab358b694ee2a1e7","status":"passed","time":{"start":1758987136080,"stop":1758987150058,"duration":13978}},{"uid":"d0f632b2c30cb149","reportUrl":"https://andreyzavrichko.github.io/no_bugs_api/ui/28//#testresult/d0f632b2c30cb149","status":"failed","statusDetails":"Element not found {#url}\nExpected: visible\nScreenshot: file:/home/runner/work/no_bugs_api/no_bugs_api/build/reports/tests/1758986758520.0.png\nPage source: file:/home/runner/work/no_bugs_api/no_bugs_api/build/reports/tests/1758986758520.0.html\nTimeout: 45 s.\nCaused by: NoSuchElementException: no such element: Unable to locate element: {\"method\":\"css selector\",\"selector\":\"#url\"}","time":{"start":1758986709394,"stop":1758986758811,"duration":49417}},{"uid":"816cd37f50280f61","reportUrl":"https://andreyzavrichko.github.io/no_bugs_api/ui/28//#testresult/816cd37f50280f61","status":"failed","statusDetails":"Element not found {#url}\nExpected: visible\nScreenshot: file:/home/runner/work/no_bugs_api/no_bugs_api/build/reports/tests/1758986237056.0.png\nPage source: file:/home/runner/work/no_bugs_api/no_bugs_api/build/reports/tests/1758986237056.0.html\nTimeout: 45 s.\nCaused by: NoSuchElementException: no such element: Unable to locate element: {\"method\":\"css selector\",\"selector\":\"#url\"}","time":{"start":1758986187141,"stop":1758986237445,"duration":50304}},{"uid":"8fe961927027cd2e","reportUrl":"https://andreyzavrichko.github.io/no_bugs_api/ui/27//#testresult/8fe961927027cd2e","status":"passed","time":{"start":1758985786197,"stop":1758985800844,"duration":14647}},{"uid":"2c09e7b4b8aed357","reportUrl":"https://andreyzavrichko.github.io/no_bugs_api/ui/26//#testresult/2c09e7b4b8aed357","status":"passed","time":{"start":1758985285464,"stop":1758985297469,"duration":12005}},{"uid":"b715fb4ca8a465f6","reportUrl":"https://andreyzavrichko.github.io/no_bugs_api/ui/22//#testresult/b715fb4ca8a465f6","status":"failed","statusDetails":"Element not found {span[class*='ProjectPageHeader']}\nExpected: exact text \"test_yTPSaaxnpt\"\nScreenshot: file:/home/runner/work/no_bugs_api/no_bugs_api/build/reports/tests/1758984885211.0.png\nPage source: file:/home/runner/work/no_bugs_api/no_bugs_api/build/reports/tests/1758984885211.0.html\nTimeout: 4 s.\nCaused by: NoSuchElementException: no such element: Unable to locate element: {\"method\":\"css selector\",\"selector\":\"span[class*='ProjectPageHeader']\"}","time":{"start":1758984870137,"stop":1758984885867,"duration":15730}},{"uid":"293de70526d92bdc","reportUrl":"https://andreyzavrichko.github.io/no_bugs_api/ui/24//#testresult/293de70526d92bdc","status":"failed","statusDetails":"Element not found {#url}\nExpected: visible\nScreenshot: file:/home/runner/work/no_bugs_api/no_bugs_api/build/reports/tests/1758984500026.0.png\nPage source: file:/home/runner/work/no_bugs_api/no_bugs_api/build/reports/tests/1758984500026.0.html\nTimeout: 50 s.\nCaused by: NoSuchElementException: no such element: Unable to locate element: {\"method\":\"css selector\",\"selector\":\"#url\"}","time":{"start":1758984445974,"stop":1758984500324,"duration":54350}},{"uid":"bce921d81a731d1e","reportUrl":"https://andreyzavrichko.github.io/no_bugs_api/ui/24//#testresult/bce921d81a731d1e","status":"failed","statusDetails":"Element not found {#url}\nExpected: visible\nScreenshot: file:/home/runner/work/no_bugs_api/no_bugs_api/build/reports/tests/1758983908238.0.png\nPage source: file:/home/runner/work/no_bugs_api/no_bugs_api/build/reports/tests/1758983908238.0.html\nTimeout: 50 s.\nCaused by: NoSuchElementException: no such element: Unable to locate element: {\"method\":\"css selector\",\"selector\":\"#url\"}","time":{"start":1758983853976,"stop":1758983908526,"duration":54550}},{"uid":"a1dab1fd81711879","reportUrl":"https://andreyzavrichko.github.io/no_bugs_api/ui/24//#testresult/a1dab1fd81711879","status":"failed","statusDetails":"Element not found {#url}\nExpected: visible\nScreenshot: file:/home/runner/work/no_bugs_api/no_bugs_api/build/reports/tests/1758983421557.0.png\nPage source: file:/home/runner/work/no_bugs_api/no_bugs_api/build/reports/tests/1758983421557.0.html\nTimeout: 50 s.\nCaused by: NoSuchElementException: no such element: Unable to locate element: {\"method\":\"css selector\",\"selector\":\"#url\"}","time":{"start":1758983367283,"stop":1758983421864,"duration":54581}}]},"tags":[]},"source":"9a5061c8995fe37c.json","parameterValues":[]}